<?xml version="1.0" encoding="UTF-8"?>
<testsuite xmlns:xsi="http://www.w3.org/2001/XMLSchema-instance" xsi:noNamespaceSchemaLocation="https://maven.apache.org/surefire/maven-surefire-plugin/xsd/surefire-test-report.xsd" name="ClientHandlerTest" time="7.78" tests="15" errors="0" skipped="0" failures="0">
  <properties>
[...]
</properties>
  <testcase name="testMathOperations" classname="ClientHandlerTest" time="0.565"/>
  <testcase name="testAllControllersAreLoaded" classname="ClientHandlerTest" time="0.527"/>
  <testcase name="testResWithValidInput" classname="ClientHandlerTest" time="0.516"/>
  <testcase name="testPi" classname="ClientHandlerTest" time="0.513"/>
  <testcase name="testMulWithValidInput" classname="ClientHandlerTest" time="0.514"/>
  <testcase name="testGetIndexHtml" classname="ClientHandlerTest" time="0.517"/>
  <testcase name="testSumWithValidInput" classname="ClientHandlerTest" time="0.51"/>
  <testcase name="testSumWithInvalidInput" classname="ClientHandlerTest" time="0.508"/>
  <testcase name="testGreetingWithCustomName" classname="ClientHandlerTest" time="0.518"/>
  <testcase name="testGetAnnotatedEndpoint" classname="ClientHandlerTest" time="0.511"/>
  <testcase name="testSumWithDefaultValues" classname="ClientHandlerTest" time="0.515"/>
  <testcase name="testMulWithZero" classname="ClientHandlerTest" time="0.514"/>
  <testcase name="testResWithNegativeResult" classname="ClientHandlerTest" time="0.511"/>
  <testcase name="testFileNotFound" classname="ClientHandlerTest" time="0.52"/>
  <testcase name="testGreetingWithDefaultValue" classname="ClientHandlerTest" time="0.504"/>
</testsuite>